<?xml version="1.0" encoding="UTF-8"?>
<testsuite xmlns:xsi="http://www.w3.org/2001/XMLSchema-instance" xsi:noNamespaceSchemaLocation="https://maven.apache.org/surefire/maven-surefire-plugin/xsd/surefire-test-report-3.0.xsd" version="3.0" name="br.com.vieira.conhecendoentitymanager.TesteConceitoPersistencia" time="0.688" tests="1" errors="0" skipped="0" failures="0">
  <properties>
[...]
</properties>
  <testcase name="deveRealizarATransacaoSemRiscos" classname="br.com.vieira.conhecendoentitymanager.TesteConceitoPersistencia" time="0.009">
    <system-out><![CDATA[Hibernate: 
    select
        produto0_.id as id1_10_0_,
        produto0_.data_criacao as data_cri2_10_0_,
        produto0_.data_ultima_atualizacao as data_ult3_10_0_,
        produto0_.descricao as descrica4_10_0_,
        produto0_.image as image5_10_0_,
        produto0_.nome as nome6_10_0_,
        produto0_.preco as preco7_10_0_,
        estoque1_.id as id1_5_1_,
        estoque1_.produto_id as produto_3_5_1_,
        estoque1_.quantidade as quantida2_5_1_ 
    from
        produto produto0_ 
    left outer join
        estoque estoque1_ 
            on produto0_.id=estoque1_.produto_id 
    where
        produto0_.id=?
#CAPTURA DATE: 19-01-2024
]]></system-out>
    <system-err><![CDATA[jan. 19, 2024 3:08:21 AM org.hibernate.jpa.internal.util.LogHelper logPersistenceUnitInformation
INFO: HHH000204: Processing PersistenceUnitInfo [name: mysql-workbench]
jan. 19, 2024 3:08:21 AM org.hibernate.engine.jdbc.connections.internal.DriverManagerConnectionProviderImpl configure
WARN: HHH10001002: Using Hibernate built-in connection pool (not for production use!)
jan. 19, 2024 3:08:21 AM org.hibernate.engine.jdbc.connections.internal.DriverManagerConnectionProviderImpl buildCreator
INFO: HHH10001005: using driver [com.mysql.cj.jdbc.Driver] at URL [jdbc:mysql://127.0.0.1:3306/jpa_hibernate_algaworks_oficial?createDatabaseIfNotExist=true&useTimezone=true&serverTimezone=UTC]
jan. 19, 2024 3:08:21 AM org.hibernate.engine.jdbc.connections.internal.DriverManagerConnectionProviderImpl buildCreator
INFO: HHH10001001: Connection properties: {password=****, user=root}
jan. 19, 2024 3:08:21 AM org.hibernate.engine.jdbc.connections.internal.DriverManagerConnectionProviderImpl buildCreator
INFO: HHH10001003: Autocommit mode: false
jan. 19, 2024 3:08:21 AM org.hibernate.engine.jdbc.connections.internal.DriverManagerConnectionProviderImpl$PooledConnections <init>
INFO: HHH000115: Hibernate connection pool size: 20 (min=1)
jan. 19, 2024 3:08:21 AM org.hibernate.dialect.Dialect <init>
INFO: HHH000400: Using dialect: org.hibernate.dialect.MySQL8Dialect
jan. 19, 2024 3:08:21 AM org.hibernate.cfg.AnnotationBinder bindClass
WARN: HHH000139: Illegal use of @Table in a subclass of a SINGLE_TABLE hierarchy: br.com.vieira.model.PagamentoBoleto
jan. 19, 2024 3:08:21 AM org.hibernate.cfg.AnnotationBinder bindClass
WARN: HHH000139: Illegal use of @Table in a subclass of a SINGLE_TABLE hierarchy: br.com.vieira.model.PagamentoCartao
jan. 19, 2024 3:08:21 AM org.hibernate.resource.transaction.backend.jdbc.internal.DdlTransactionIsolatorNonJtaImpl getIsolatedConnection
INFO: HHH10001501: Connection obtained from JdbcConnectionAccess [org.hibernate.engine.jdbc.env.internal.JdbcEnvironmentInitiator$ConnectionProviderJdbcConnectionAccess@c931728] for (non-JTA) DDL execution was not in auto-commit mode; the Connection 'local transaction' will be committed and the Connection will be set into auto-commit mode.
jan. 19, 2024 3:08:22 AM org.hibernate.engine.transaction.jta.platform.internal.JtaPlatformInitiator initiateService
INFO: HHH000490: Using JtaPlatform implementation: [org.hibernate.engine.transaction.jta.platform.internal.NoJtaPlatform]
]]></system-err>
  </testcase>
</testsuite>