<?xml version="1.0" encoding="UTF-8"?>
<testsuite xmlns:xsi="http://www.w3.org/2001/XMLSchema-instance" xsi:noNamespaceSchemaLocation="https://maven.apache.org/surefire/maven-surefire-plugin/xsd/surefire-test-report-3.0.xsd" version="3.0" name="br.com.vieira.anotacoesavancadas.CarregandoArquivoXMLTest" time="2.399" tests="3" errors="1" skipped="1" failures="0">
  <properties>
[...]
</properties>
  <testcase name="carregandoArquivoXML" classname="br.com.vieira.anotacoesavancadas.CarregandoArquivoXMLTest" time="0.123">
    <error message="A different object with the same identifier value was already associated with the session : [br.com.vieira.model.NotaFiscal#1]" type="javax.persistence.EntityExistsException"><![CDATA[javax.persistence.EntityExistsException: A different object with the same identifier value was already associated with the session : [br.com.vieira.model.NotaFiscal#1]
	at org.hibernate.internal.ExceptionConverterImpl.convert(ExceptionConverterImpl.java:123)
	at org.hibernate.internal.ExceptionConverterImpl.convert(ExceptionConverterImpl.java:181)
	at org.hibernate.internal.ExceptionConverterImpl.convert(ExceptionConverterImpl.java:188)
	at org.hibernate.internal.SessionImpl.firePersist(SessionImpl.java:716)
	at org.hibernate.internal.SessionImpl.persist(SessionImpl.java:696)
	at br.com.vieira.anotacoesavancadas.CarregandoArquivoXMLTest.carregandoArquivoXML(CarregandoArquivoXMLTest.java:38)
	at java.base/jdk.internal.reflect.NativeMethodAccessorImpl.invoke0(Native Method)
	at java.base/jdk.internal.reflect.NativeMethodAccessorImpl.invoke(NativeMethodAccessorImpl.java:77)
	at java.base/jdk.internal.reflect.DelegatingMethodAccessorImpl.invoke(DelegatingMethodAccessorImpl.java:43)
	at java.base/java.lang.reflect.Method.invoke(Method.java:568)
	at org.junit.runners.model.FrameworkMethod$1.runReflectiveCall(FrameworkMethod.java:59)
	at org.junit.internal.runners.model.ReflectiveCallable.run(ReflectiveCallable.java:12)
	at org.junit.runners.model.FrameworkMethod.invokeExplosively(FrameworkMethod.java:56)
	at org.junit.internal.runners.statements.InvokeMethod.evaluate(InvokeMethod.java:17)
	at org.junit.internal.runners.statements.RunBefores.evaluate(RunBefores.java:26)
	at org.junit.internal.runners.statements.RunAfters.evaluate(RunAfters.java:27)
	at org.junit.runners.ParentRunner$3.evaluate(ParentRunner.java:306)
	at org.junit.runners.BlockJUnit4ClassRunner$1.evaluate(BlockJUnit4ClassRunner.java:100)
	at org.junit.runners.ParentRunner.runLeaf(ParentRunner.java:366)
	at org.junit.runners.BlockJUnit4ClassRunner.runChild(BlockJUnit4ClassRunner.java:103)
	at org.junit.runners.BlockJUnit4ClassRunner.runChild(BlockJUnit4ClassRunner.java:63)
	at org.junit.runners.ParentRunner$4.run(ParentRunner.java:331)
	at org.junit.runners.ParentRunner$1.schedule(ParentRunner.java:79)
	at org.junit.runners.ParentRunner.runChildren(ParentRunner.java:329)
	at org.junit.runners.ParentRunner.access$100(ParentRunner.java:66)
	at org.junit.runners.ParentRunner$2.evaluate(ParentRunner.java:293)
	at org.junit.internal.runners.statements.RunBefores.evaluate(RunBefores.java:26)
	at org.junit.internal.runners.statements.RunAfters.evaluate(RunAfters.java:27)
	at org.junit.runners.ParentRunner$3.evaluate(ParentRunner.java:306)
	at org.junit.runners.ParentRunner.run(ParentRunner.java:413)
	at org.apache.maven.surefire.junit4.JUnit4Provider.execute(JUnit4Provider.java:316)
	at org.apache.maven.surefire.junit4.JUnit4Provider.executeWithRerun(JUnit4Provider.java:240)
	at org.apache.maven.surefire.junit4.JUnit4Provider.executeTestSet(JUnit4Provider.java:214)
	at org.apache.maven.surefire.junit4.JUnit4Provider.invoke(JUnit4Provider.java:155)
	at org.apache.maven.surefire.booter.ForkedBooter.runSuitesInProcess(ForkedBooter.java:385)
	at org.apache.maven.surefire.booter.ForkedBooter.execute(ForkedBooter.java:162)
	at org.apache.maven.surefire.booter.ForkedBooter.run(ForkedBooter.java:507)
	at org.apache.maven.surefire.booter.ForkedBooter.main(ForkedBooter.java:495)
]]></error>
    <system-out><![CDATA[Hibernate: 
    select
        pedido0_.id as id1_9_0_,
        pedido0_.cliente_id as cliente13_9_0_,
        pedido0_.data_conclusao as data_con2_9_0_,
        pedido0_.data_pedido as data_ped3_9_0_,
        pedido0_.bairro as bairro4_9_0_,
        pedido0_.cep as cep5_9_0_,
        pedido0_.cidade as cidade6_9_0_,
        pedido0_.complemento as compleme7_9_0_,
        pedido0_.estado as estado8_9_0_,
        pedido0_.logradouro as logradou9_9_0_,
        pedido0_.numero as numero10_9_0_,
        pedido0_.status as status11_9_0_,
        pedido0_.total as total12_9_0_,
        cliente1_.id as id1_2_1_,
        cliente1_.nome as nome2_2_1_,
        cliente1_1_.data_nascimento as data_nas1_4_1_,
        cliente1_1_.sexo as sexo2_4_1_,
        notafiscal2_.pedido_id as pedido_i1_7_2_,
        notafiscal2_.data_emissao as data_emi2_7_2_,
        notafiscal2_.xml as xml3_7_2_,
        pagamento3_.pedido_id as pedido_i2_8_3_,
        pagamento3_.status as status3_8_3_,
        pagamento3_.codigo_barras as codigo_b4_8_3_,
        pagamento3_.numero_cartao as numero_c5_8_3_,
        pagamento3_.DTYPE as dtype1_8_3_ 
    from
        pedido pedido0_ 
    left outer join
        cliente cliente1_ 
            on pedido0_.cliente_id=cliente1_.id 
    left outer join
        cliente_detalhe cliente1_1_ 
            on cliente1_.id=cliente1_1_.cliente_id 
    left outer join
        nota_fiscal notafiscal2_ 
            on pedido0_.id=notafiscal2_.pedido_id 
    left outer join
        pagamento pagamento3_ 
            on pedido0_.id=pagamento3_.pedido_id 
    where
        pedido0_.id=?
]]></system-out>
    <system-err><![CDATA[jan. 19, 2024 3:08:15 AM org.hibernate.jpa.internal.util.LogHelper logPersistenceUnitInformation
INFO: HHH000204: Processing PersistenceUnitInfo [name: mysql-workbench]
jan. 19, 2024 3:08:15 AM org.hibernate.Version logVersion
INFO: HHH000412: Hibernate ORM core version 5.4.12.Final
jan. 19, 2024 3:08:16 AM org.hibernate.annotations.common.reflection.java.JavaReflectionManager <clinit>
INFO: HCANN000001: Hibernate Commons Annotations {5.1.0.Final}
jan. 19, 2024 3:08:16 AM org.hibernate.engine.jdbc.connections.internal.DriverManagerConnectionProviderImpl configure
WARN: HHH10001002: Using Hibernate built-in connection pool (not for production use!)
jan. 19, 2024 3:08:16 AM org.hibernate.engine.jdbc.connections.internal.DriverManagerConnectionProviderImpl buildCreator
INFO: HHH10001005: using driver [com.mysql.cj.jdbc.Driver] at URL [jdbc:mysql://127.0.0.1:3306/jpa_hibernate_algaworks_oficial?createDatabaseIfNotExist=true&useTimezone=true&serverTimezone=UTC]
jan. 19, 2024 3:08:16 AM org.hibernate.engine.jdbc.connections.internal.DriverManagerConnectionProviderImpl buildCreator
INFO: HHH10001001: Connection properties: {password=****, user=root}
jan. 19, 2024 3:08:16 AM org.hibernate.engine.jdbc.connections.internal.DriverManagerConnectionProviderImpl buildCreator
INFO: HHH10001003: Autocommit mode: false
jan. 19, 2024 3:08:16 AM org.hibernate.engine.jdbc.connections.internal.DriverManagerConnectionProviderImpl$PooledConnections <init>
INFO: HHH000115: Hibernate connection pool size: 20 (min=1)
jan. 19, 2024 3:08:16 AM org.hibernate.dialect.Dialect <init>
INFO: HHH000400: Using dialect: org.hibernate.dialect.MySQL8Dialect
jan. 19, 2024 3:08:16 AM org.hibernate.cfg.AnnotationBinder bindClass
WARN: HHH000139: Illegal use of @Table in a subclass of a SINGLE_TABLE hierarchy: br.com.vieira.model.PagamentoBoleto
jan. 19, 2024 3:08:16 AM org.hibernate.cfg.AnnotationBinder bindClass
WARN: HHH000139: Illegal use of @Table in a subclass of a SINGLE_TABLE hierarchy: br.com.vieira.model.PagamentoCartao
jan. 19, 2024 3:08:17 AM org.hibernate.resource.transaction.backend.jdbc.internal.DdlTransactionIsolatorNonJtaImpl getIsolatedConnection
INFO: HHH10001501: Connection obtained from JdbcConnectionAccess [org.hibernate.engine.jdbc.env.internal.JdbcEnvironmentInitiator$ConnectionProviderJdbcConnectionAccess@125d47c4] for (non-JTA) DDL execution was not in auto-commit mode; the Connection 'local transaction' will be committed and the Connection will be set into auto-commit mode.
jan. 19, 2024 3:08:17 AM org.hibernate.engine.transaction.jta.platform.internal.JtaPlatformInitiator initiateService
INFO: HHH000490: Using JtaPlatform implementation: [org.hibernate.engine.transaction.jta.platform.internal.NoJtaPlatform]
]]></system-err>
  </testcase>
  <testcase name="salvandoImagemEmProduto" classname="br.com.vieira.anotacoesavancadas.CarregandoArquivoXMLTest" time="0.089">
    <system-out><![CDATA[Hibernate: 
    insert 
    into
        produto
        (data_criacao, descricao, image, nome, preco) 
    values
        (?, ?, ?, ?, ?)
Hibernate: 
    insert 
    into
        atributo_produto
        (produto_id, nome, valor) 
    values
        (?, ?, ?)
Hibernate: 
    select
        produto0_.id as id1_10_0_,
        produto0_.data_criacao as data_cri2_10_0_,
        produto0_.data_ultima_atualizacao as data_ult3_10_0_,
        produto0_.descricao as descrica4_10_0_,
        produto0_.image as image5_10_0_,
        produto0_.nome as nome6_10_0_,
        produto0_.preco as preco7_10_0_,
        estoque1_.id as id1_5_1_,
        estoque1_.produto_id as produto_3_5_1_,
        estoque1_.quantidade as quantida2_5_1_ 
    from
        produto produto0_ 
    left outer join
        estoque estoque1_ 
            on produto0_.id=estoque1_.produto_id 
    where
        produto0_.id=?
#CAPTURA DATE: 19-01-2024
]]></system-out>
  </testcase>
  <testcase name="executandoQuery" classname="br.com.vieira.anotacoesavancadas.CarregandoArquivoXMLTest" time="0.0">
    <skipped/>
  </testcase>
</testsuite>